<?xml version="1.0" encoding="UTF-8"?>
<testng-results ignored="0" total="1" passed="1" failed="0" skipped="0">
  <reporter-output>
  </reporter-output>
  <suite started-at="2024-01-02T08:31:47 IST" name="Default suite" finished-at="2024-01-02T08:31:56 IST" duration-ms="9468">
    <groups>
      <group name="cucumber">
        <method signature="AbstractTestNGCucumberTests.runScenario(io.cucumber.testng.PickleWrapper,io.cucumber.testng.FeatureWrapper)[pri:0, instance:com.makemytrip.steprunner.Runner@7ce026d3]" name="runScenario" class="io.cucumber.testng.AbstractTestNGCucumberTests"/>
      </group> <!-- cucumber -->
    </groups>
    <test started-at="2024-01-02T08:31:47 IST" name="Default test" finished-at="2024-01-02T08:31:56 IST" duration-ms="9468">
      <class name="com.makemytrip.steprunner.Runner">
        <test-method is-config="true" signature="setUpClass(org.testng.ITestContext)[pri:0, instance:com.makemytrip.steprunner.Runner@7ce026d3]" started-at="2024-01-02T08:31:47 IST" name="setUpClass" finished-at="2024-01-02T08:31:47 IST" duration-ms="557" status="PASS">
          <params>
            <param index="0">
              <value>
                <![CDATA[org.testng.TestRunner@2264ea32]]>
              </value>
            </param>
          </params>
          <reporter-output>
          </reporter-output>
        </test-method> <!-- setUpClass -->
        <test-method signature="runScenario(io.cucumber.testng.PickleWrapper,io.cucumber.testng.FeatureWrapper)[pri:0, instance:com.makemytrip.steprunner.Runner@7ce026d3]" started-at="2024-01-02T08:31:47 IST" name="runScenario" description="Runs Cucumber Scenarios" data-provider="scenarios" finished-at="2024-01-02T08:31:56 IST" duration-ms="8813" status="PASS">
          <params>
            <param index="0">
              <value>
                <![CDATA["Book Flight"]]>
              </value>
            </param>
            <param index="1">
              <value>
                <![CDATA["Booking"]]>
              </value>
            </param>
          </params>
          <reporter-output>
          </reporter-output>
        </test-method> <!-- runScenario -->
        <test-method is-config="true" signature="tearDownClass()[pri:0, instance:com.makemytrip.steprunner.Runner@7ce026d3]" started-at="2024-01-02T08:31:56 IST" name="tearDownClass" finished-at="2024-01-02T08:31:56 IST" duration-ms="47" status="PASS">
          <reporter-output>
          </reporter-output>
        </test-method> <!-- tearDownClass -->
      </class> <!-- com.makemytrip.steprunner.Runner -->
    </test> <!-- Default test -->
  </suite> <!-- Default suite -->
</testng-results>
